MSBuild version 17.14.23+b0019275e for .NET Framework

  cmake_pch.cxx
D:\Skyrim - Dev\Easy2Read\build-vs\vcpkg_installed\x64-windows-static\include\SKSE\Impl\WinAPI.h(27,24): error C2059: syntax error: 'constant' [D:\Skyrim - Dev\Easy2Read\build-vs\Easy2Read.vcxproj]
  (compiling source file 'CMakeFiles/Easy2Read.dir/cmake_pch.cxx')
  
D:\Skyrim - Dev\Easy2Read\build-vs\vcpkg_installed\x64-windows-static\include\SKSE\Impl\WinAPI.h(27,47): error C2143: syntax error: missing ';' before '{' [D:\Skyrim - Dev\Easy2Read\build-vs\Easy2Read.vcxproj]
  (compiling source file 'CMakeFiles/Easy2Read.dir/cmake_pch.cxx')
  
D:\Skyrim - Dev\Easy2Read\build-vs\vcpkg_installed\x64-windows-static\include\SKSE\Impl\WinAPI.h(27,47): error C2447: '{': missing function header (old-style formal list?) [D:\Skyrim - Dev\Easy2Read\build-vs\Easy2Read.vcxproj]
  (compiling source file 'CMakeFiles/Easy2Read.dir/cmake_pch.cxx')
  
D:\Skyrim - Dev\Easy2Read\build-vs\vcpkg_installed\x64-windows-static\include\SKSE\Impl\WinAPI.h(28,24): error C2059: syntax error: 'constant' [D:\Skyrim - Dev\Easy2Read\build-vs\Easy2Read.vcxproj]
  (compiling source file 'CMakeFiles/Easy2Read.dir/cmake_pch.cxx')
  
D:\Skyrim - Dev\Easy2Read\build-vs\vcpkg_installed\x64-windows-static\include\SKSE\Impl\WinAPI.h(28,45): error C2143: syntax error: missing ';' before '{' [D:\Skyrim - Dev\Easy2Read\build-vs\Easy2Read.vcxproj]
  (compiling source file 'CMakeFiles/Easy2Read.dir/cmake_pch.cxx')
  
D:\Skyrim - Dev\Easy2Read\build-vs\vcpkg_installed\x64-windows-static\include\SKSE\Impl\WinAPI.h(28,45): error C2447: '{': missing function header (old-style formal list?) [D:\Skyrim - Dev\Easy2Read\build-vs\Easy2Read.vcxproj]
  (compiling source file 'CMakeFiles/Easy2Read.dir/cmake_pch.cxx')
  
D:\Skyrim - Dev\Easy2Read\build-vs\vcpkg_installed\x64-windows-static\include\SKSE\Impl\WinAPI.h(29,24): error C2059: syntax error: 'constant' [D:\Skyrim - Dev\Easy2Read\build-vs\Easy2Read.vcxproj]
  (compiling source file 'CMakeFiles/Easy2Read.dir/cmake_pch.cxx')
  
D:\Skyrim - Dev\Easy2Read\build-vs\vcpkg_installed\x64-windows-static\include\SKSE\Impl\WinAPI.h(29,45): error C2143: syntax error: missing ';' before '{' [D:\Skyrim - Dev\Easy2Read\build-vs\Easy2Read.vcxproj]
  (compiling source file 'CMakeFiles/Easy2Read.dir/cmake_pch.cxx')
  
D:\Skyrim - Dev\Easy2Read\build-vs\vcpkg_installed\x64-windows-static\include\SKSE\Impl\WinAPI.h(29,45): error C2447: '{': missing function header (old-style formal list?) [D:\Skyrim - Dev\Easy2Read\build-vs\Easy2Read.vcxproj]
  (compiling source file 'CMakeFiles/Easy2Read.dir/cmake_pch.cxx')
  
D:\Skyrim - Dev\Easy2Read\build-vs\vcpkg_installed\x64-windows-static\include\SKSE\Impl\WinAPI.h(30,24): error C2059: syntax error: 'constant' [D:\Skyrim - Dev\Easy2Read\build-vs\Easy2Read.vcxproj]
  (compiling source file 'CMakeFiles/Easy2Read.dir/cmake_pch.cxx')
  
D:\Skyrim - Dev\Easy2Read\build-vs\vcpkg_installed\x64-windows-static\include\SKSE\Impl\WinAPI.h(30,48): error C2143: syntax error: missing ';' before '{' [D:\Skyrim - Dev\Easy2Read\build-vs\Easy2Read.vcxproj]
  (compiling source file 'CMakeFiles/Easy2Read.dir/cmake_pch.cxx')
  
D:\Skyrim - Dev\Easy2Read\build-vs\vcpkg_installed\x64-windows-static\include\SKSE\Impl\WinAPI.h(30,48): error C2447: '{': missing function header (old-style formal list?) [D:\Skyrim - Dev\Easy2Read\build-vs\Easy2Read.vcxproj]
  (compiling source file 'CMakeFiles/Easy2Read.dir/cmake_pch.cxx')
  
D:\Skyrim - Dev\Easy2Read\build-vs\vcpkg_installed\x64-windows-static\include\SKSE\Impl\WinAPI.h(31,24): error C2059: syntax error: 'constant' [D:\Skyrim - Dev\Easy2Read\build-vs\Easy2Read.vcxproj]
  (compiling source file 'CMakeFiles/Easy2Read.dir/cmake_pch.cxx')
  
D:\Skyrim - Dev\Easy2Read\build-vs\vcpkg_installed\x64-windows-static\include\SKSE\Impl\WinAPI.h(31,46): error C2143: syntax error: missing ';' before '{' [D:\Skyrim - Dev\Easy2Read\build-vs\Easy2Read.vcxproj]
  (compiling source file 'CMakeFiles/Easy2Read.dir/cmake_pch.cxx')
  
D:\Skyrim - Dev\Easy2Read\build-vs\vcpkg_installed\x64-windows-static\include\SKSE\Impl\WinAPI.h(31,46): error C2447: '{': missing function header (old-style formal list?) [D:\Skyrim - Dev\Easy2Read\build-vs\Easy2Read.vcxproj]
  (compiling source file 'CMakeFiles/Easy2Read.dir/cmake_pch.cxx')
  
D:\Skyrim - Dev\Easy2Read\build-vs\vcpkg_installed\x64-windows-static\include\SKSE\Impl\WinAPI.h(142,3): error C2059: syntax error: 'constant' [D:\Skyrim - Dev\Easy2Read\build-vs\Easy2Read.vcxproj]
  (compiling source file 'CMakeFiles/Easy2Read.dir/cmake_pch.cxx')
  
D:\Skyrim - Dev\Easy2Read\build-vs\vcpkg_installed\x64-windows-static\include\SKSE\Impl\WinAPI.h(369,2): error C2143: syntax error: missing ';' before '}' [D:\Skyrim - Dev\Easy2Read\build-vs\Easy2Read.vcxproj]
  (compiling source file 'CMakeFiles/Easy2Read.dir/cmake_pch.cxx')
  
D:\Skyrim - Dev\Easy2Read\build-vs\vcpkg_installed\x64-windows-static\include\SKSE\Impl\WinAPI.h(371,21): error C2556: 'bool FindClose(void *) noexcept': overloaded function differs only by return type from 'BOOL FindClose(HANDLE)' [D:\Skyrim - Dev\Easy2Read\build-vs\Easy2Read.vcxproj]
  (compiling source file 'CMakeFiles/Easy2Read.dir/cmake_pch.cxx')
      C:\Program Files (x86)\Windows Kits\10\Include\10.0.26100.0\um\fileapi.h(194,1):
      see declaration of 'FindClose'
  
D:\Skyrim - Dev\Easy2Read\build-vs\vcpkg_installed\x64-windows-static\include\SKSE\Impl\WinAPI.h(371,21): error C2371: 'FindClose': redefinition; different basic types [D:\Skyrim - Dev\Easy2Read\build-vs\Easy2Read.vcxproj]
  (compiling source file 'CMakeFiles/Easy2Read.dir/cmake_pch.cxx')
      C:\Program Files (x86)\Windows Kits\10\Include\10.0.26100.0\um\fileapi.h(194,1):
      see declaration of 'FindClose'
  
D:\Skyrim - Dev\Easy2Read\build-vs\vcpkg_installed\x64-windows-static\include\SKSE\Impl\WinAPI.h(373,22): error C2382: 'FindFirstFileA': redefinition; different exception specifications [D:\Skyrim - Dev\Easy2Read\build-vs\Easy2Read.vcxproj]
  (compiling source file 'CMakeFiles/Easy2Read.dir/cmake_pch.cxx')
      C:\Program Files (x86)\Windows Kits\10\Include\10.0.26100.0\um\fileapi.h(244,1):
      see declaration of 'FindFirstFileA'
  
D:\Skyrim - Dev\Easy2Read\build-vs\vcpkg_installed\x64-windows-static\include\SKSE\Impl\WinAPI.h(381,21): error C2556: 'bool FindNextFileA(void *,WIN32_FIND_DATAA *) noexcept': overloaded function differs only by return type from 'BOOL FindNextFileA(HANDLE,LPWIN32_FIND_DATAA)' [D:\Skyrim - Dev\Easy2Read\build-vs\Easy2Read.vcxproj]
  (compiling source file 'CMakeFiles/Easy2Read.dir/cmake_pch.cxx')
      C:\Program Files (x86)\Windows Kits\10\Include\10.0.26100.0\um\fileapi.h(331,1):
      see declaration of 'FindNextFileA'
  
D:\Skyrim - Dev\Easy2Read\build-vs\vcpkg_installed\x64-windows-static\include\SKSE\Impl\WinAPI.h(381,21): error C2371: 'FindNextFileA': redefinition; different basic types [D:\Skyrim - Dev\Easy2Read\build-vs\Easy2Read.vcxproj]
  (compiling source file 'CMakeFiles/Easy2Read.dir/cmake_pch.cxx')
      C:\Program Files (x86)\Windows Kits\10\Include\10.0.26100.0\um\fileapi.h(331,1):
      see declaration of 'FindNextFileA'
  
D:\Skyrim - Dev\Easy2Read\build-vs\vcpkg_installed\x64-windows-static\include\SKSE\Impl\WinAPI.h(389,7): error C2556: 'bool FreeLibrary(HMODULE) noexcept': overloaded function differs only by return type from 'BOOL FreeLibrary(HMODULE)' [D:\Skyrim - Dev\Easy2Read\build-vs\Easy2Read.vcxproj]
  (compiling source file 'CMakeFiles/Easy2Read.dir/cmake_pch.cxx')
      C:\Program Files (x86)\Windows Kits\10\Include\10.0.26100.0\um\libloaderapi.h(171,1):
      see declaration of 'FreeLibrary'
  
D:\Skyrim - Dev\Easy2Read\build-vs\vcpkg_installed\x64-windows-static\include\SKSE\Impl\WinAPI.h(389,7): error C2371: 'FreeLibrary': redefinition; different basic types [D:\Skyrim - Dev\Easy2Read\build-vs\Easy2Read.vcxproj]
  (compiling source file 'CMakeFiles/Easy2Read.dir/cmake_pch.cxx')
      C:\Program Files (x86)\Windows Kits\10\Include\10.0.26100.0\um\libloaderapi.h(171,1):
      see declaration of 'FreeLibrary'
  
D:\Skyrim - Dev\Easy2Read\build-vs\vcpkg_installed\x64-windows-static\include\SKSE\Impl\WinAPI.h(393,22): error C2382: 'GetCurrentProcess': redefinition; different exception specifications [D:\Skyrim - Dev\Easy2Read\build-vs\Easy2Read.vcxproj]
  (compiling source file 'CMakeFiles/Easy2Read.dir/cmake_pch.cxx')
      C:\Program Files (x86)\Windows Kits\10\Include\10.0.26100.0\um\processthreadsapi.h(148,1):
      see declaration of 'GetCurrentProcess'
  
D:\Skyrim - Dev\Easy2Read\build-vs\vcpkg_installed\x64-windows-static\include\SKSE\Impl\WinAPI.h(437,29): error C2382: 'GetKeyState': redefinition; different exception specifications [D:\Skyrim - Dev\Easy2Read\build-vs\Easy2Read.vcxproj]
  (compiling source file 'CMakeFiles/Easy2Read.dir/cmake_pch.cxx')
      C:\Program Files (x86)\Windows Kits\10\Include\10.0.26100.0\um\winuser.h(5921,1):
      see declaration of 'GetKeyState'
  
D:\Skyrim - Dev\Easy2Read\build-vs\vcpkg_installed\x64-windows-static\include\SKSE\Impl\WinAPI.h(475,21): error C2556: 'bool IsDebuggerPresent(void) noexcept': overloaded function differs only by return type from 'BOOL IsDebuggerPresent(void)' [D:\Skyrim - Dev\Easy2Read\build-vs\Easy2Read.vcxproj]
  (compiling source file 'CMakeFiles/Easy2Read.dir/cmake_pch.cxx')
      C:\Program Files (x86)\Windows Kits\10\Include\10.0.26100.0\um\debugapi.h(32,1):
      see declaration of 'IsDebuggerPresent'
  
D:\Skyrim - Dev\Easy2Read\build-vs\vcpkg_installed\x64-windows-static\include\SKSE\Impl\WinAPI.h(475,21): error C2371: 'IsDebuggerPresent': redefinition; different basic types [D:\Skyrim - Dev\Easy2Read\build-vs\Easy2Read.vcxproj]
  (compiling source file 'CMakeFiles/Easy2Read.dir/cmake_pch.cxx')
      C:\Program Files (x86)\Windows Kits\10\Include\10.0.26100.0\um\debugapi.h(32,1):
      see declaration of 'IsDebuggerPresent'
  
D:\Skyrim - Dev\Easy2Read\build-vs\vcpkg_installed\x64-windows-static\include\SKSE\Impl\WinAPI.h(515,20): error C2556: 'void TerminateProcess(void *,unsigned int) noexcept': overloaded function differs only by return type from 'BOOL TerminateProcess(HANDLE,UINT)' [D:\Skyrim - Dev\Easy2Read\build-vs\Easy2Read.vcxproj]
  (compiling source file 'CMakeFiles/Easy2Read.dir/cmake_pch.cxx')
      C:\Program Files (x86)\Windows Kits\10\Include\10.0.26100.0\um\processthreadsapi.h(170,1):
      see declaration of 'TerminateProcess'
  
D:\Skyrim - Dev\Easy2Read\build-vs\vcpkg_installed\x64-windows-static\include\SKSE\Impl\WinAPI.h(515,20): error C2371: 'TerminateProcess': redefinition; different basic types [D:\Skyrim - Dev\Easy2Read\build-vs\Easy2Read.vcxproj]
  (compiling source file 'CMakeFiles/Easy2Read.dir/cmake_pch.cxx')
      C:\Program Files (x86)\Windows Kits\10\Include\10.0.26100.0\um\processthreadsapi.h(170,1):
      see declaration of 'TerminateProcess'
  
D:\Skyrim - Dev\Easy2Read\build-vs\vcpkg_installed\x64-windows-static\include\SKSE\Impl\WinAPI.h(557,1): error C2059: syntax error: '}' [D:\Skyrim - Dev\Easy2Read\build-vs\Easy2Read.vcxproj]
  (compiling source file 'CMakeFiles/Easy2Read.dir/cmake_pch.cxx')
  
D:\Skyrim - Dev\Easy2Read\build-vs\vcpkg_installed\x64-windows-static\include\SKSE\Impl\WinAPI.h(557,1): error C2143: syntax error: missing ';' before '}' [D:\Skyrim - Dev\Easy2Read\build-vs\Easy2Read.vcxproj]
  (compiling source file 'CMakeFiles/Easy2Read.dir/cmake_pch.cxx')
  
D:\Skyrim - Dev\Easy2Read\build-vs\vcpkg_installed\x64-windows-static\include\SKSE\Impl\WinAPI.h(559,11): error C2653: 'RE': is not a class or namespace name [D:\Skyrim - Dev\Easy2Read\build-vs\Easy2Read.vcxproj]
  (compiling source file 'CMakeFiles/Easy2Read.dir/cmake_pch.cxx')
  
D:\Skyrim - Dev\Easy2Read\build-vs\vcpkg_installed\x64-windows-static\include\SKSE\Impl\WinAPI.h(560,1): error C2143: syntax error: missing ';' before '{' [D:\Skyrim - Dev\Easy2Read\build-vs\Easy2Read.vcxproj]
  (compiling source file 'CMakeFiles/Easy2Read.dir/cmake_pch.cxx')
  
D:\Skyrim - Dev\Easy2Read\build-vs\vcpkg_installed\x64-windows-static\include\SKSE\Impl\WinAPI.h(560,1): error C2447: '{': missing function header (old-style formal list?) [D:\Skyrim - Dev\Easy2Read\build-vs\Easy2Read.vcxproj]
  (compiling source file 'CMakeFiles/Easy2Read.dir/cmake_pch.cxx')
  
D:\Skyrim - Dev\Easy2Read\build-vs\vcpkg_installed\x64-windows-static\include\SKSE\Impl\DInputAPI.h(28,8): error C2187: syntax error: 'const' was unexpected here [D:\Skyrim - Dev\Easy2Read\build-vs\Easy2Read.vcxproj]
  (compiling source file 'CMakeFiles/Easy2Read.dir/cmake_pch.cxx')
  
D:\Skyrim - Dev\Easy2Read\build-vs\vcpkg_installed\x64-windows-static\include\SKSE\Impl\DInputAPI.h(28,8): error C2146: syntax error: missing ';' before identifier 'GUID' [D:\Skyrim - Dev\Easy2Read\build-vs\Easy2Read.vcxproj]
  (compiling source file 'CMakeFiles/Easy2Read.dir/cmake_pch.cxx')
  
D:\Skyrim - Dev\Easy2Read\build-vs\vcpkg_installed\x64-windows-static\include\SKSE\Impl\DInputAPI.h(34,8): error C2187: syntax error: 'const' was unexpected here [D:\Skyrim - Dev\Easy2Read\build-vs\Easy2Read.vcxproj]
  (compiling source file 'CMakeFiles/Easy2Read.dir/cmake_pch.cxx')
  
D:\Skyrim - Dev\Easy2Read\build-vs\vcpkg_installed\x64-windows-static\include\SKSE\Impl\DInputAPI.h(34,8): error C2146: syntax error: missing ';' before identifier 'IID' [D:\Skyrim - Dev\Easy2Read\build-vs\Easy2Read.vcxproj]
  (compiling source file 'CMakeFiles/Easy2Read.dir/cmake_pch.cxx')
  
D:\Skyrim - Dev\Easy2Read\build-vs\vcpkg_installed\x64-windows-static\include\SKSE\Impl\PCH.h(549,20): error C2039: 'MultiByteToWideChar': is not a member of 'SKSE::WinAPI' [D:\Skyrim - Dev\Easy2Read\build-vs\Easy2Read.vcxproj]
  (compiling source file 'CMakeFiles/Easy2Read.dir/cmake_pch.cxx')
      D:\Skyrim - Dev\Easy2Read\build-vs\vcpkg_installed\x64-windows-static\include\SKSE\Impl\WinAPI.h(24,11):
      see declaration of 'SKSE::WinAPI'
  
D:\Skyrim - Dev\Easy2Read\build-vs\vcpkg_installed\x64-windows-static\include\SKSE\Impl\PCH.h(549,20): error C2668: 'MultiByteToWideChar': ambiguous call to overloaded function [D:\Skyrim - Dev\Easy2Read\build-vs\Easy2Read.vcxproj]
  (compiling source file 'CMakeFiles/Easy2Read.dir/cmake_pch.cxx')
      D:\Skyrim - Dev\Easy2Read\build-vs\vcpkg_installed\x64-windows-static\include\SKSE\Impl\WinAPI.h(493,20):
      could be 'int MultiByteToWideChar(unsigned int,uint32_t,const char *,int,wchar_t *,int)'
      C:\Program Files (x86)\Windows Kits\10\Include\10.0.26100.0\um\stringapiset.h(123,1):
      or       'int MultiByteToWideChar(UINT,DWORD,LPCCH,int,LPWSTR,int)'
      D:\Skyrim - Dev\Easy2Read\build-vs\vcpkg_installed\x64-windows-static\include\SKSE\Impl\PCH.h(549,20):
      while trying to match the argument list '(const unsigned int, int, const char *, int, wchar_t *, int)'
  
D:\Skyrim - Dev\Easy2Read\build-vs\vcpkg_installed\x64-windows-static\include\SKSE\Impl\PCH.h(575,20): error C2039: 'WideCharToMultiByte': is not a member of 'SKSE::WinAPI' [D:\Skyrim - Dev\Easy2Read\build-vs\Easy2Read.vcxproj]
  (compiling source file 'CMakeFiles/Easy2Read.dir/cmake_pch.cxx')
      D:\Skyrim - Dev\Easy2Read\build-vs\vcpkg_installed\x64-windows-static\include\SKSE\Impl\WinAPI.h(24,11):
      see declaration of 'SKSE::WinAPI'
  
D:\Skyrim - Dev\Easy2Read\build-vs\vcpkg_installed\x64-windows-static\include\SKSE\Impl\PCH.h(575,20): error C2668: 'WideCharToMultiByte': ambiguous call to overloaded function [D:\Skyrim - Dev\Easy2Read\build-vs\Easy2Read.vcxproj]
  (compiling source file 'CMakeFiles/Easy2Read.dir/cmake_pch.cxx')
      D:\Skyrim - Dev\Easy2Read\build-vs\vcpkg_installed\x64-windows-static\include\SKSE\Impl\WinAPI.h(548,20):
      could be 'int WideCharToMultiByte(unsigned int,uint32_t,const wchar_t *,int,char *,int,const char *,int *)'
      C:\Program Files (x86)\Windows Kits\10\Include\10.0.26100.0\um\stringapiset.h(137,1):
      or       'int WideCharToMultiByte(UINT,DWORD,LPCWCH,int,LPSTR,int,LPCCH,LPBOOL)'
      D:\Skyrim - Dev\Easy2Read\build-vs\vcpkg_installed\x64-windows-static\include\SKSE\Impl\PCH.h(575,20):
      while trying to match the argument list '(const unsigned int, int, const wchar_t *, int, char *, int, nullptr, nullptr)'
  
D:\Skyrim - Dev\Easy2Read\build-vs\vcpkg_installed\x64-windows-static\include\SKSE\Impl\PCH.h(681,44): error C2039: 'GetMaxPath': is not a member of 'SKSE::WinAPI' [D:\Skyrim - Dev\Easy2Read\build-vs\Easy2Read.vcxproj]
  (compiling source file 'CMakeFiles/Easy2Read.dir/cmake_pch.cxx')
      D:\Skyrim - Dev\Easy2Read\build-vs\vcpkg_installed\x64-windows-static\include\SKSE\Impl\WinAPI.h(24,11):
      see declaration of 'SKSE::WinAPI'
  
D:\Skyrim - Dev\Easy2Read\build-vs\vcpkg_installed\x64-windows-static\include\SKSE\Impl\PCH.h(688,15): error C2039: 'GetModuleFileName': is not a member of 'SKSE::WinAPI' [D:\Skyrim - Dev\Easy2Read\build-vs\Easy2Read.vcxproj]
  (compiling source file 'CMakeFiles/Easy2Read.dir/cmake_pch.cxx')
      D:\Skyrim - Dev\Easy2Read\build-vs\vcpkg_installed\x64-windows-static\include\SKSE\Impl\WinAPI.h(24,11):
      see declaration of 'SKSE::WinAPI'
  
D:\Skyrim - Dev\Easy2Read\build-vs\vcpkg_installed\x64-windows-static\include\SKSE\Impl\PCH.h(689,15): error C2039: 'GetCurrentModule': is not a member of 'SKSE::WinAPI' [D:\Skyrim - Dev\Easy2Read\build-vs\Easy2Read.vcxproj]
  (compiling source file 'CMakeFiles/Easy2Read.dir/cmake_pch.cxx')
      D:\Skyrim - Dev\Easy2Read\build-vs\vcpkg_installed\x64-windows-static\include\SKSE\Impl\WinAPI.h(24,11):
      see declaration of 'SKSE::WinAPI'
  
D:\Skyrim - Dev\Easy2Read\build-vs\vcpkg_installed\x64-windows-static\include\SKSE\Impl\PCH.h(714,5): error C2039: 'MessageBox': is not a member of 'SKSE::WinAPI' [D:\Skyrim - Dev\Easy2Read\build-vs\Easy2Read.vcxproj]
  (compiling source file 'CMakeFiles/Easy2Read.dir/cmake_pch.cxx')
      D:\Skyrim - Dev\Easy2Read\build-vs\vcpkg_installed\x64-windows-static\include\SKSE\Impl\WinAPI.h(24,11):
      see declaration of 'SKSE::WinAPI'
  
D:\Skyrim - Dev\Easy2Read\build-vs\vcpkg_installed\x64-windows-static\include\SKSE\Impl\PCH.h(715,13): error C2039: 'TerminateProcess': is not a member of 'SKSE::WinAPI' [D:\Skyrim - Dev\Easy2Read\build-vs\Easy2Read.vcxproj]
  (compiling source file 'CMakeFiles/Easy2Read.dir/cmake_pch.cxx')
      D:\Skyrim - Dev\Easy2Read\build-vs\vcpkg_installed\x64-windows-static\include\SKSE\Impl\WinAPI.h(24,11):
      see declaration of 'SKSE::WinAPI'
  
D:\Skyrim - Dev\Easy2Read\build-vs\vcpkg_installed\x64-windows-static\include\SKSE\Impl\PCH.h(715,38): error C2039: 'GetCurrentProcess': is not a member of 'SKSE::WinAPI' [D:\Skyrim - Dev\Easy2Read\build-vs\Easy2Read.vcxproj]
  (compiling source file 'CMakeFiles/Easy2Read.dir/cmake_pch.cxx')
      D:\Skyrim - Dev\Easy2Read\build-vs\vcpkg_installed\x64-windows-static\include\SKSE\Impl\WinAPI.h(24,11):
      see declaration of 'SKSE::WinAPI'
  
D:\Skyrim - Dev\Easy2Read\build-vs\vcpkg_installed\x64-windows-static\include\REL\Relocation.h(352,25): error C2039: 'VirtualProtect': is not a member of 'SKSE::WinAPI' [D:\Skyrim - Dev\Easy2Read\build-vs\Easy2Read.vcxproj]
  (compiling source file 'CMakeFiles/Easy2Read.dir/cmake_pch.cxx')
      D:\Skyrim - Dev\Easy2Read\build-vs\vcpkg_installed\x64-windows-static\include\SKSE\Impl\WinAPI.h(24,11):
      see declaration of 'SKSE::WinAPI'
  
D:\Skyrim - Dev\Easy2Read\build-vs\vcpkg_installed\x64-windows-static\include\REL\Relocation.h(360,29): error C2039: 'VirtualProtect': is not a member of 'SKSE::WinAPI' [D:\Skyrim - Dev\Easy2Read\build-vs\Easy2Read.vcxproj]
  (compiling source file 'CMakeFiles/Easy2Read.dir/cmake_pch.cxx')
      D:\Skyrim - Dev\Easy2Read\build-vs\vcpkg_installed\x64-windows-static\include\SKSE\Impl\WinAPI.h(24,11):
      see declaration of 'SKSE::WinAPI'
  
D:\Skyrim - Dev\Easy2Read\build-vs\vcpkg_installed\x64-windows-static\include\REL\Relocation.h(383,25): error C2039: 'VirtualProtect': is not a member of 'SKSE::WinAPI' [D:\Skyrim - Dev\Easy2Read\build-vs\Easy2Read.vcxproj]
  (compiling source file 'CMakeFiles/Easy2Read.dir/cmake_pch.cxx')
      D:\Skyrim - Dev\Easy2Read\build-vs\vcpkg_installed\x64-windows-static\include\SKSE\Impl\WinAPI.h(24,11):
      see declaration of 'SKSE::WinAPI'
  
D:\Skyrim - Dev\Easy2Read\build-vs\vcpkg_installed\x64-windows-static\include\REL\Relocation.h(391,29): error C2039: 'VirtualProtect': is not a member of 'SKSE::WinAPI' [D:\Skyrim - Dev\Easy2Read\build-vs\Easy2Read.vcxproj]
  (compiling source file 'CMakeFiles/Easy2Read.dir/cmake_pch.cxx')
      D:\Skyrim - Dev\Easy2Read\build-vs\vcpkg_installed\x64-windows-static\include\SKSE\Impl\WinAPI.h(24,11):
      see declaration of 'SKSE::WinAPI'
  
D:\Skyrim - Dev\Easy2Read\build-vs\vcpkg_installed\x64-windows-static\include\REL\Relocation.h(565,31): error C2039: 'GetFileVersionInfoSize': is not a member of 'SKSE::WinAPI' [D:\Skyrim - Dev\Easy2Read\build-vs\Easy2Read.vcxproj]
  (compiling source file 'CMakeFiles/Easy2Read.dir/cmake_pch.cxx')
      D:\Skyrim - Dev\Easy2Read\build-vs\vcpkg_installed\x64-windows-static\include\SKSE\Impl\WinAPI.h(24,11):
      see declaration of 'SKSE::WinAPI'
  
D:\Skyrim - Dev\Easy2Read\build-vs\vcpkg_installed\x64-windows-static\include\REL\Relocation.h(570,14): error C2039: 'GetFileVersionInfo': is not a member of 'SKSE::WinAPI' [D:\Skyrim - Dev\Easy2Read\build-vs\Easy2Read.vcxproj]
  (compiling source file 'CMakeFiles/Easy2Read.dir/cmake_pch.cxx')
      D:\Skyrim - Dev\Easy2Read\build-vs\vcpkg_installed\x64-windows-static\include\SKSE\Impl\WinAPI.h(24,11):
      see declaration of 'SKSE::WinAPI'
  
D:\Skyrim - Dev\Easy2Read\build-vs\vcpkg_installed\x64-windows-static\include\REL\Relocation.h(576,14): error C2039: 'VerQueryValue': is not a member of 'SKSE::WinAPI' [D:\Skyrim - Dev\Easy2Read\build-vs\Easy2Read.vcxproj]
  (compiling source file 'CMakeFiles/Easy2Read.dir/cmake_pch.cxx')
      D:\Skyrim - Dev\Easy2Read\build-vs\vcpkg_installed\x64-windows-static\include\SKSE\Impl\WinAPI.h(24,11):
      see declaration of 'SKSE::WinAPI'
  
D:\Skyrim - Dev\Easy2Read\build-vs\vcpkg_installed\x64-windows-static\include\REL\Relocation.h(846,24): error C2039: 'GetEnvironmentVariable': is not a member of 'SKSE::WinAPI' [D:\Skyrim - Dev\Easy2Read\build-vs\Easy2Read.vcxproj]
  (compiling source file 'CMakeFiles/Easy2Read.dir/cmake_pch.cxx')
      D:\Skyrim - Dev\Easy2Read\build-vs\vcpkg_installed\x64-windows-static\include\SKSE\Impl\WinAPI.h(24,11):
      see declaration of 'SKSE::WinAPI'
  
D:\Skyrim - Dev\Easy2Read\build-vs\vcpkg_installed\x64-windows-static\include\REL\Relocation.h(859,36): error C2039: 'GetModuleHandle': is not a member of 'SKSE::WinAPI' [D:\Skyrim - Dev\Easy2Read\build-vs\Easy2Read.vcxproj]
  (compiling source file 'CMakeFiles/Easy2Read.dir/cmake_pch.cxx')
      D:\Skyrim - Dev\Easy2Read\build-vs\vcpkg_installed\x64-windows-static\include\SKSE\Impl\WinAPI.h(24,11):
      see declaration of 'SKSE::WinAPI'
  
D:\Skyrim - Dev\Easy2Read\build-vs\vcpkg_installed\x64-windows-static\include\REL\Relocation.h(881,31): error C2039: 'LoadLibrary': is not a member of 'SKSE::WinAPI' [D:\Skyrim - Dev\Easy2Read\build-vs\Easy2Read.vcxproj]
  (compiling source file 'CMakeFiles/Easy2Read.dir/cmake_pch.cxx')
      D:\Skyrim - Dev\Easy2Read\build-vs\vcpkg_installed\x64-windows-static\include\SKSE\Impl\WinAPI.h(24,11):
      see declaration of 'SKSE::WinAPI'
  
D:\Skyrim - Dev\Easy2Read\build-vs\vcpkg_installed\x64-windows-static\include\REL\Relocation.h(881,42): error C2440: '=': cannot convert from 'HMODULE' to 'SKSE::WinAPI::HMODULE' [D:\Skyrim - Dev\Easy2Read\build-vs\Easy2Read.vcxproj]
  (compiling source file 'CMakeFiles/Easy2Read.dir/cmake_pch.cxx')
      D:\Skyrim - Dev\Easy2Read\build-vs\vcpkg_installed\x64-windows-static\include\REL\Relocation.h(881,42):
      Types pointed to are unrelated; conversion requires reinterpret_cast, C-style cast or parenthesized function-style cast
  
D:\Skyrim - Dev\Easy2Read\build-vs\vcpkg_installed\x64-windows-static\include\RE\S\ScrapHeap.h(41,35): error C2039: 'VirtualFree': is not a member of 'SKSE::WinAPI' [D:\Skyrim - Dev\Easy2Read\build-vs\Easy2Read.vcxproj]
  (compiling source file 'CMakeFiles/Easy2Read.dir/cmake_pch.cxx')
      D:\Skyrim - Dev\Easy2Read\build-vs\vcpkg_installed\x64-windows-static\include\SKSE\Impl\WinAPI.h(24,11):
      see declaration of 'SKSE::WinAPI'
  
D:\Skyrim - Dev\Easy2Read\build-vs\vcpkg_installed\x64-windows-static\include\RE\B\BSMultiIndexTriShape.h(38,4): error C2653: 'DirectX': is not a class or namespace name [D:\Skyrim - Dev\Easy2Read\build-vs\Easy2Read.vcxproj]
  (compiling source file 'CMakeFiles/Easy2Read.dir/cmake_pch.cxx')
  
D:\Skyrim - Dev\Easy2Read\build-vs\vcpkg_installed\x64-windows-static\include\RE\B\BSMultiIndexTriShape.h(38,4): error C3646: 'materialProjection': unknown override specifier [D:\Skyrim - Dev\Easy2Read\build-vs\Easy2Read.vcxproj]
  (compiling source file 'CMakeFiles/Easy2Read.dir/cmake_pch.cxx')
  
D:\Skyrim - Dev\Easy2Read\build-vs\vcpkg_installed\x64-windows-static\include\RE\B\BSMultiIndexTriShape.h(40,59): error C2607: static assertion failed [D:\Skyrim - Dev\Easy2Read\build-vs\Easy2Read.vcxproj]
  (compiling source file 'CMakeFiles/Easy2Read.dir/cmake_pch.cxx')
  
D:\Skyrim - Dev\Easy2Read\build-vs\vcpkg_installed\x64-windows-static\include\RE\B\BSParticleShaderCubeEmitter.h(19,17): error C2653: 'DirectX': is not a class or namespace name [D:\Skyrim - Dev\Easy2Read\build-vs\Easy2Read.vcxproj]
  (compiling source file 'CMakeFiles/Easy2Read.dir/cmake_pch.cxx')
  
D:\Skyrim - Dev\Easy2Read\build-vs\vcpkg_installed\x64-windows-static\include\RE\B\BSParticleShaderCubeEmitter.h(19,37): error C3646: 'occlusionProjection': unknown override specifier [D:\Skyrim - Dev\Easy2Read\build-vs\Easy2Read.vcxproj]
  (compiling source file 'CMakeFiles/Easy2Read.dir/cmake_pch.cxx')
  
D:\Skyrim - Dev\Easy2Read\build-vs\vcpkg_installed\x64-windows-static\include\RE\B\BSParticleShaderCubeEmitter.h(19,3): error C2024: 'alignas' attribute applies to variables, data members and tag types only [D:\Skyrim - Dev\Easy2Read\build-vs\Easy2Read.vcxproj]
  (compiling source file 'CMakeFiles/Easy2Read.dir/cmake_pch.cxx')
  
D:\Skyrim - Dev\Easy2Read\build-vs\vcpkg_installed\x64-windows-static\include\RE\B\BSParticleShaderCubeEmitter.h(32,52): error C2607: static assertion failed [D:\Skyrim - Dev\Easy2Read\build-vs\Easy2Read.vcxproj]
  (compiling source file 'CMakeFiles/Easy2Read.dir/cmake_pch.cxx')
  
D:\Skyrim - Dev\Easy2Read\build-vs\vcpkg_installed\x64-windows-static\include\RE\P\Precipitation.h(22,18): error C2653: 'DirectX': is not a class or namespace name [D:\Skyrim - Dev\Easy2Read\build-vs\Easy2Read.vcxproj]
  (compiling source file 'CMakeFiles/Easy2Read.dir/cmake_pch.cxx')
  
D:\Skyrim - Dev\Easy2Read\build-vs\vcpkg_installed\x64-windows-static\include\RE\P\Precipitation.h(22,38): error C3646: 'projection': unknown override specifier [D:\Skyrim - Dev\Easy2Read\build-vs\Easy2Read.vcxproj]
  (compiling source file 'CMakeFiles/Easy2Read.dir/cmake_pch.cxx')
  
D:\Skyrim - Dev\Easy2Read\build-vs\vcpkg_installed\x64-windows-static\include\RE\P\Precipitation.h(22,4): error C2024: 'alignas' attribute applies to variables, data members and tag types only [D:\Skyrim - Dev\Easy2Read\build-vs\Easy2Read.vcxproj]
  (compiling source file 'CMakeFiles/Easy2Read.dir/cmake_pch.cxx')
  
D:\Skyrim - Dev\Easy2Read\build-vs\vcpkg_installed\x64-windows-static\include\RE\P\Precipitation.h(28,42): error C2607: static assertion failed [D:\Skyrim - Dev\Easy2Read\build-vs\Easy2Read.vcxproj]
  (compiling source file 'CMakeFiles/Easy2Read.dir/cmake_pch.cxx')
  
D:\Skyrim - Dev\Easy2Read\build-vs\vcpkg_installed\x64-windows-static\include\RE\P\Precipitation.h(47,38): error C2607: static assertion failed [D:\Skyrim - Dev\Easy2Read\build-vs\Easy2Read.vcxproj]
  (compiling source file 'CMakeFiles/Easy2Read.dir/cmake_pch.cxx')
  
D:\Skyrim - Dev\Easy2Read\build-vs\vcpkg_installed\x64-windows-static\include\SKSE\Trampoline.h(85,14): error C2039: 'VirtualFree': is not a member of 'SKSE::WinAPI' [D:\Skyrim - Dev\Easy2Read\build-vs\Easy2Read.vcxproj]
  (compiling source file 'CMakeFiles/Easy2Read.dir/cmake_pch.cxx')
      D:\Skyrim - Dev\Easy2Read\build-vs\vcpkg_installed\x64-windows-static\include\SKSE\Impl\WinAPI.h(24,11):
      see declaration of 'SKSE::WinAPI'
  
